<?xml version="1.0" encoding="UTF-8"?>
<coverage generated="1504030741576" clover="3.2.0">
  <project timestamp="1504030741576" name="All files">
    <metrics statements="22" coveredstatements="17" conditionals="4" coveredconditionals="0" methods="10" coveredmethods="5" elements="36" coveredelements="22" complexity="0" loc="22" ncloc="22" packages="1" files="4" classes="4">
      <file name="index.ts" path="/Users/yuchen/Projects/yci/editor/src/index.ts">
        <metrics statements="5" coveredstatements="5" conditionals="0" coveredconditionals="0" methods="1" coveredmethods="1"/>
        <line num="1" count="1" type="stmt"/>
        <line num="2" count="1" type="stmt"/>
        <line num="3" count="1" type="stmt"/>
        <line num="5" count="1" type="stmt"/>
        <line num="15" count="1" type="stmt"/>
      </file>
      <file name="jest-global-mocks.ts" path="/Users/yuchen/Projects/yci/editor/src/jest-global-mocks.ts">
        <metrics statements="9" coveredstatements="4" conditionals="4" coveredconditionals="0" methods="6" coveredmethods="1"/>
        <line num="1" count="1" type="stmt"/>
        <line num="2" count="2" type="stmt"/>
        <line num="4" count="0" type="cond" truecount="0" falsecount="2"/>
        <line num="5" count="0" type="cond" truecount="0" falsecount="2"/>
        <line num="6" count="0" type="stmt"/>
        <line num="7" count="0" type="stmt"/>
        <line num="11" count="1" type="stmt"/>
        <line num="12" count="1" type="stmt"/>
        <line num="14" count="0" type="stmt"/>
      </file>
      <file name="jest.ts" path="/Users/yuchen/Projects/yci/editor/src/jest.ts">
        <metrics statements="2" coveredstatements="2" conditionals="0" coveredconditionals="0" methods="0" coveredmethods="0"/>
        <line num="1" count="1" type="stmt"/>
        <line num="2" count="1" type="stmt"/>
      </file>
      <file name="service.ts" path="/Users/yuchen/Projects/yci/editor/src/service.ts">
        <metrics statements="6" coveredstatements="6" conditionals="0" coveredconditionals="0" methods="3" coveredmethods="3"/>
        <line num="1" count="1" type="stmt"/>
        <line num="5" count="1" type="stmt"/>
        <line num="10" count="1" type="stmt"/>
        <line num="11" count="1" type="stmt"/>
        <line num="12" count="1" type="stmt"/>
        <line num="13" count="1" type="stmt"/>
      </file>
    </metrics>
  </project>
</coverage>
