{"/Users/yuchen/Projects/yci/editor/src/index.ts": {"path":"/Users/yuchen/Projects/yci/editor/src/index.ts","statementMap":{"0":{"start":{"line":1,"column":0},"end":{"line":1,"column":85}},"1":{"start":{"line":2,"column":0},"end":{"line":2,"column":46}},"2":{"start":{"line":3,"column":0},"end":{"line":3,"column":34}},"3":{"start":{"line":5,"column":0},"end":{"line":5,"column":26}},"4":{"start":{"line":15,"column":13},"end":{"line":null,"column":-1}},"5":{"start":{"line":15,"column":13},"end":{"line":15,"column":25}}},"fnMap":{"0":{"name":"(anonymous_2)","decl":{"start":{"line":16,"column":2},"end":{"line":16,"column":8}},"loc":{"start":{"line":16,"column":9},"end":{"line":21,"column":3}}}},"branchMap":{},"s":{"0":1,"1":1,"2":1,"3":1,"4":1,"5":1},"f":{"0":2},"b":{}}
,"/Users/yuchen/Projects/yci/editor/src/jest-global-mocks.ts": {"path":"/Users/yuchen/Projects/yci/editor/src/jest-global-mocks.ts","statementMap":{"0":{"start":{"line":1,"column":13},"end":{"line":9,"column":1}},"1":{"start":{"line":2,"column":6},"end":{"line":2,"column":15}},"2":{"start":{"line":4,"column":20},"end":{"line":4,"column":26}},"3":{"start":{"line":5,"column":29},"end":{"line":5,"column":36}},"4":{"start":{"line":6,"column":23},"end":{"line":6,"column":29}},"5":{"start":{"line":7,"column":17},"end":{"line":7,"column":26}},"6":{"start":{"line":11,"column":0},"end":{"line":11,"column":54}},"7":{"start":{"line":12,"column":0},"end":{"line":12,"column":56}},"8":{"start":{"line":14,"column":15},"end":{"line":14,"column":15}}},"fnMap":{"0":{"name":"(anonymous_0)","decl":{"start":{"line":1,"column":13},"end":{"line":null,"column":-1}},"loc":{"start":{"line":1,"column":13},"end":{"line":9,"column":1}}},"1":{"name":"(anonymous_1)","decl":{"start":{"line":4,"column":13},"end":{"line":4,"column":19}},"loc":{"start":{"line":4,"column":20},"end":{"line":4,"column":26}}},"2":{"name":"(anonymous_2)","decl":{"start":{"line":5,"column":13},"end":{"line":5,"column":14}},"loc":{"start":{"line":5,"column":29},"end":{"line":5,"column":36}}},"3":{"name":"(anonymous_3)","decl":{"start":{"line":6,"column":16},"end":{"line":6,"column":22}},"loc":{"start":{"line":6,"column":23},"end":{"line":6,"column":29}}},"4":{"name":"(anonymous_4)","decl":{"start":{"line":7,"column":11},"end":{"line":7,"column":16}},"loc":{"start":{"line":7,"column":17},"end":{"line":7,"column":26}}},"5":{"name":"(anonymous_5)","decl":{"start":{"line":14,"column":9},"end":{"line":14,"column":14}},"loc":{"start":{"line":14,"column":15},"end":{"line":14,"column":15}}}},"branchMap":{"0":{"loc":{"start":{"line":4,"column":20},"end":{"line":4,"column":26}},"type":"cond-expr","locations":[{"start":{"line":4,"column":20},"end":{"line":4,"column":26}},{"start":{"line":4,"column":20},"end":{"line":4,"column":26}}]},"1":{"loc":{"start":{"line":5,"column":29},"end":{"line":5,"column":36}},"type":"binary-expr","locations":[{"start":{"line":5,"column":29},"end":{"line":5,"column":36}},{"start":{"line":5,"column":29},"end":{"line":5,"column":36}}]}},"s":{"0":1,"1":2,"2":0,"3":0,"4":0,"5":0,"6":1,"7":1,"8":0},"f":{"0":2,"1":0,"2":0,"3":0,"4":0,"5":0},"b":{"0":[0,0],"1":[0,0]}}
,"/Users/yuchen/Projects/yci/editor/src/jest.ts": {"path":"/Users/yuchen/Projects/yci/editor/src/jest.ts","statementMap":{"0":{"start":{"line":1,"column":0},"end":{"line":1,"column":29}},"1":{"start":{"line":2,"column":0},"end":{"line":2,"column":29}}},"fnMap":{},"branchMap":{},"s":{"0":1,"1":1},"f":{},"b":{}}
,"/Users/yuchen/Projects/yci/editor/src/service.ts": {"path":"/Users/yuchen/Projects/yci/editor/src/service.ts","statementMap":{"0":{"start":{"line":1,"column":0},"end":{"line":1,"column":42}},"1":{"start":{"line":10,"column":4},"end":{"line":10,"column":11}},"2":{"start":{"line":11,"column":6},"end":{"line":11,"column":49}},"3":{"start":{"line":12,"column":6},"end":{"line":12,"column":20}},"4":{"start":{"line":13,"column":6},"end":{"line":13,"column":21}},"5":{"start":{"line":5,"column":13},"end":{"line":null,"column":-1}},"6":{"start":{"line":5,"column":13},"end":{"line":5,"column":19}}},"fnMap":{"0":{"name":"(anonymous_2)","decl":{"start":{"line":7,"column":2},"end":{"line":7,"column":17}},"loc":{"start":{"line":7,"column":18},"end":{"line":7,"column":18}}},"1":{"name":"(anonymous_3)","decl":{"start":{"line":9,"column":2},"end":{"line":9,"column":6}},"loc":{"start":{"line":9,"column":7},"end":{"line":15,"column":3}}},"2":{"name":"(anonymous_4)","decl":{"start":{"line":10,"column":23},"end":{"line":10,"column":24}},"loc":{"start":{"line":10,"column":33},"end":{"line":10,"column":11}}}},"branchMap":{},"s":{"0":1,"1":1,"2":1,"3":1,"4":1,"5":1,"6":1},"f":{"0":2,"1":1,"2":1},"b":{}}
}
